<?xml version="1.0" encoding="UTF-8"?>
<testsuite name="CoinCombinationsIntegrationTest" tests="2" skipped="0" failures="0" errors="0" timestamp="2016-02-11T21:37:33" hostname="epicodus-51.local" time="0.311">
  <properties/>
  <testcase name="rootTest" classname="CoinCombinationsIntegrationTest" time="0.247"/>
  <testcase name="playerOneWins" classname="CoinCombinationsIntegrationTest" time="0.059"/>
  <system-out><![CDATA[]]></system-out>
  <system-err><![CDATA[[Thread-4] INFO spark.webserver.SparkServer - == Spark has ignited ...
[Thread-4] INFO spark.webserver.SparkServer - >> Listening on 0.0.0.0:4567
[Thread-4] INFO org.eclipse.jetty.server.Server - jetty-9.0.2.v20130417
[Thread-4] INFO org.eclipse.jetty.server.ServerConnector - Started ServerConnector@5da99e08{HTTP/1.1}{0.0.0.0:4567}
Feb 11, 2016 1:37:33 PM com.gargoylesoftware.htmlunit.html.InputElementFactory createElementNS
INFO: Bad input type: "number", creating a text input
Feb 11, 2016 1:37:33 PM com.gargoylesoftware.htmlunit.html.InputElementFactory createElementNS
INFO: Bad input type: "number", creating a text input
[Test worker] INFO spark.webserver.SparkServer - >>> Spark shutting down ...
[Test worker] INFO org.eclipse.jetty.server.Server - Graceful shutdown org.eclipse.jetty.server.Server@27f93a68 by 
[Test worker] INFO org.eclipse.jetty.server.ServerConnector - Stopped ServerConnector@5da99e08{HTTP/1.1}{0.0.0.0:4567}
[Test worker] INFO spark.webserver.SparkServer - done
]]></system-err>
</testsuite>
